This file contains any messages produced by compilers while
running configure, to aid debugging if configure makes a mistake.

It was created by MOSIXFastReprojections configure 0.1, which was
generated by GNU Autoconf 2.59.  Invocation command line was

  $ ./configure --prefix=/work/mosixFastProjections/

## --------- ##
## Platform. ##
## --------- ##

hostname = mcpc15653
uname -m = i686
uname -r = 2.6.8.1-12mdk
uname -s = Linux
uname -v = #1 Fri Oct 1 12:53:41 CEST 2004

/usr/bin/uname -p = unknown
/bin/uname -X     = unknown

/bin/arch              = i686
/usr/bin/arch -k       = unknown
/usr/convex/getsysinfo = unknown
hostinfo               = unknown
/bin/machine           = unknown
/usr/bin/oslevel       = unknown
/bin/universe          = unknown

PATH: /work/usr/bin/
PATH: /work/java/bin
PATH: /usr/bin
PATH: /bin
PATH: /usr/bin
PATH: /usr/local/bin
PATH: /usr/X11R6/bin/
PATH: /usr/games
PATH: /usr/lib/jre-1.4.2_05/bin


## ----------- ##
## Core tests. ##
## ----------- ##

configure:1310: checking for a BSD-compatible install
configure:1365: result: /usr/bin/install -c
configure:1376: checking whether build environment is sane
configure:1419: result: yes
configure:1476: checking for gawk
configure:1492: found /usr/bin/gawk
configure:1502: result: gawk
configure:1512: checking whether make sets $(MAKE)
configure:1532: result: yes
configure:1749: checking for g++
configure:1765: found /usr/bin/g++
configure:1775: result: g++
configure:1791: checking for C++ compiler version
configure:1794: g++ --version </dev/null >&5
g++ (GCC) 3.4.1 (Mandrakelinux 10.1 3.4.1-4mdk)
Copyright (C) 2004 Free Software Foundation, Inc.
This is free software; see the source for copying conditions.  There is NO
warranty; not even for MERCHANTABILITY or FITNESS FOR A PARTICULAR PURPOSE.

configure:1797: $? = 0
configure:1799: g++ -v </dev/null >&5
Reading specs from /usr/lib/gcc/i586-mandrake-linux-gnu/3.4.1/specs
Configured with: ../configure --prefix=/usr --libdir=/usr/lib --with-slibdir=/lib --mandir=/usr/share/man --infodir=/usr/share/info --enable-shared --enable-threads=posix --disable-checking --enable-long-long --enable-__cxa_atexit --enable-clocale=gnu --disable-libunwind-exceptions --enable-languages=c,c++,ada,f77,objc,java --host=i586-mandrake-linux-gnu --with-system-zlib
Thread model: posix
gcc version 3.4.1 (Mandrakelinux 10.1 3.4.1-4mdk)
configure:1802: $? = 0
configure:1804: g++ -V </dev/null >&5
g++: `-V' option must have argument
configure:1807: $? = 1
configure:1830: checking for C++ compiler default output file name
configure:1833: g++    conftest.cc  >&5
configure:1836: $? = 0
configure:1882: result: a.out
configure:1887: checking whether the C++ compiler works
configure:1893: ./a.out
configure:1896: $? = 0
configure:1913: result: yes
configure:1920: checking whether we are cross compiling
configure:1922: result: no
configure:1925: checking for suffix of executables
configure:1927: g++ -o conftest    conftest.cc  >&5
configure:1930: $? = 0
configure:1955: result: 
configure:1961: checking for suffix of object files
configure:1982: g++ -c   conftest.cc >&5
configure:1985: $? = 0
configure:2007: result: o
configure:2011: checking whether we are using the GNU C++ compiler
configure:2035: g++ -c   conftest.cc >&5
configure:2041: $? = 0
configure:2045: test -z 
			 || test ! -s conftest.err
configure:2048: $? = 0
configure:2051: test -s conftest.o
configure:2054: $? = 0
configure:2067: result: yes
configure:2073: checking whether g++ accepts -g
configure:2094: g++ -c -g  conftest.cc >&5
configure:2100: $? = 0
configure:2104: test -z 
			 || test ! -s conftest.err
configure:2107: $? = 0
configure:2110: test -s conftest.o
configure:2113: $? = 0
configure:2124: result: yes
configure:2166: g++ -c -g -O2  conftest.cc >&5
configure:2172: $? = 0
configure:2176: test -z 
			 || test ! -s conftest.err
configure:2179: $? = 0
configure:2182: test -s conftest.o
configure:2185: $? = 0
configure:2211: g++ -c -g -O2  conftest.cc >&5
conftest.cc: In function `int main()':
conftest.cc:15: error: `exit' undeclared (first use this function)
conftest.cc:15: error: (Each undeclared identifier is reported only once for each function it appears in.)
configure:2217: $? = 1
configure: failed program was:
| /* confdefs.h.  */
| 
| #define PACKAGE_NAME "MOSIXFastReprojections"
| #define PACKAGE_TARNAME "mosixfastreprojections"
| #define PACKAGE_VERSION "0.1"
| #define PACKAGE_STRING "MOSIXFastReprojections 0.1"
| #define PACKAGE_BUGREPORT "mschisler@usgs.gov"
| #define PACKAGE "mosixfastreprojections"
| #define VERSION "0.1"
| /* end confdefs.h.  */
| 
| int
| main ()
| {
| exit (42);
|   ;
|   return 0;
| }
configure:2166: g++ -c -g -O2  conftest.cc >&5
configure:2172: $? = 0
configure:2176: test -z 
			 || test ! -s conftest.err
configure:2179: $? = 0
configure:2182: test -s conftest.o
configure:2185: $? = 0
configure:2211: g++ -c -g -O2  conftest.cc >&5
configure:2217: $? = 0
configure:2221: test -z 
			 || test ! -s conftest.err
configure:2224: $? = 0
configure:2227: test -s conftest.o
configure:2230: $? = 0
configure:2264: checking for style of include used by make
configure:2292: result: GNU
configure:2320: checking dependency style of g++
configure:2410: result: gcc3
configure:2571: creating ./config.status

## ---------------------- ##
## Running config.status. ##
## ---------------------- ##

This file was extended by MOSIXFastReprojections config.status 0.1, which was
generated by GNU Autoconf 2.59.  Invocation command line was

  CONFIG_FILES    = 
  CONFIG_HEADERS  = 
  CONFIG_LINKS    = 
  CONFIG_COMMANDS = 
  $ ./config.status 

on mcpc15653

config.status:677: creating Makefile
config.status:860: executing depfiles commands

## ---------------- ##
## Cache variables. ##
## ---------------- ##

ac_cv_cxx_compiler_gnu=yes
ac_cv_env_CPPFLAGS_set=
ac_cv_env_CPPFLAGS_value=
ac_cv_env_CXXFLAGS_set=
ac_cv_env_CXXFLAGS_value=
ac_cv_env_CXX_set=
ac_cv_env_CXX_value=
ac_cv_env_LDFLAGS_set=
ac_cv_env_LDFLAGS_value=
ac_cv_env_build_alias_set=
ac_cv_env_build_alias_value=
ac_cv_env_host_alias_set=
ac_cv_env_host_alias_value=
ac_cv_env_target_alias_set=
ac_cv_env_target_alias_value=
ac_cv_exeext=
ac_cv_objext=o
ac_cv_path_install='/usr/bin/install -c'
ac_cv_prog_AWK=gawk
ac_cv_prog_ac_ct_CXX=g++
ac_cv_prog_cxx_g=yes
ac_cv_prog_make_make_set=yes
am_cv_CXX_dependencies_compiler_type=gcc3

## ----------------- ##
## Output variables. ##
## ----------------- ##

ACLOCAL='${SHELL} /work/mosixFastProjections/missing --run aclocal-1.8'
AMDEPBACKSLASH='\'
AMDEP_FALSE='#'
AMDEP_TRUE=''
AMTAR='${SHELL} /work/mosixFastProjections/missing --run tar'
AUTOCONF='${SHELL} /work/mosixFastProjections/missing --run autoconf'
AUTOHEADER='${SHELL} /work/mosixFastProjections/missing --run autoheader'
AUTOMAKE='${SHELL} /work/mosixFastProjections/missing --run automake-1.8'
AWK='gawk'
CPPFLAGS=''
CXX='g++'
CXXDEPMODE='depmode=gcc3'
CXXFLAGS='-g -O2'
CYGPATH_W='echo'
DEFS='-DPACKAGE_NAME=\"MOSIXFastReprojections\" -DPACKAGE_TARNAME=\"mosixfastreprojections\" -DPACKAGE_VERSION=\"0.1\" -DPACKAGE_STRING=\"MOSIXFastReprojections\ 0.1\" -DPACKAGE_BUGREPORT=\"mschisler@usgs.gov\" -DPACKAGE=\"mosixfastreprojections\" -DVERSION=\"0.1\" '
DEPDIR='.deps'
ECHO_C=''
ECHO_N='-n'
ECHO_T=''
EXEEXT=''
INSTALL_DATA='${INSTALL} -m 644'
INSTALL_PROGRAM='${INSTALL}'
INSTALL_SCRIPT='${INSTALL}'
INSTALL_STRIP_PROGRAM='${SHELL} $(install_sh) -c -s'
LDFLAGS=''
LIBOBJS=''
LIBS=''
LTLIBOBJS=''
MAKEINFO='${SHELL} /work/mosixFastProjections/missing --run makeinfo'
OBJEXT='o'
PACKAGE='mosixfastreprojections'
PACKAGE_BUGREPORT='mschisler@usgs.gov'
PACKAGE_NAME='MOSIXFastReprojections'
PACKAGE_STRING='MOSIXFastReprojections 0.1'
PACKAGE_TARNAME='mosixfastreprojections'
PACKAGE_VERSION='0.1'
PATH_SEPARATOR=':'
SET_MAKE=''
SHELL='/bin/sh'
STRIP=''
VERSION='0.1'
ac_ct_CXX='g++'
ac_ct_STRIP=''
am__fastdepCXX_FALSE='#'
am__fastdepCXX_TRUE=''
am__include='include'
am__leading_dot='.'
am__quote=''
bindir='${exec_prefix}/bin'
build_alias=''
datadir='${prefix}/share'
exec_prefix='${prefix}'
host_alias=''
includedir='${prefix}/include'
infodir='${prefix}/info'
install_sh='/work/mosixFastProjections/install-sh'
libdir='${exec_prefix}/lib'
libexecdir='${exec_prefix}/libexec'
localstatedir='${prefix}/var'
mandir='${prefix}/man'
mkdir_p='mkdir -p -- .'
oldincludedir='/usr/include'
prefix='/work/mosixFastProjections/'
program_transform_name='s,x,x,'
sbindir='${exec_prefix}/sbin'
sharedstatedir='${prefix}/com'
sysconfdir='${prefix}/etc'
target_alias=''

## ----------- ##
## confdefs.h. ##
## ----------- ##

#define PACKAGE "mosixfastreprojections"
#define PACKAGE_BUGREPORT "mschisler@usgs.gov"
#define PACKAGE_NAME "MOSIXFastReprojections"
#define PACKAGE_STRING "MOSIXFastReprojections 0.1"
#define PACKAGE_TARNAME "mosixfastreprojections"
#define PACKAGE_VERSION "0.1"
#define VERSION "0.1"
#endif
#ifdef __cplusplus
extern "C" void std::exit (int) throw (); using std::exit;

configure: exit 0
